[0m16:37:30.196581 [debug] [MainThread]: Sending event: {'category': 'dbt', 'action': 'invocation', 'label': 'start', 'context': [<snowplow_tracker.self_describing_json.SelfDescribingJson object at 0x000001CC820D4BC0>, <snowplow_tracker.self_describing_json.SelfDescribingJson object at 0x000001CC820D4950>, <snowplow_tracker.self_describing_json.SelfDescribingJson object at 0x000001CC820D48F0>]}
[0m16:37:30.203851 [debug] [MainThread]: An error was encountered while trying to send an event


============================== 16:37:30.203851 | 65236b6b-2710-4872-a352-9672a351e17a ==============================
[0m16:37:30.203851 [info ] [MainThread]: Running with dbt=1.11.6
[0m16:37:30.204905 [debug] [MainThread]: running dbt with arguments {'static_parser': 'True', 'no_print': 'None', 'version_check': 'True', 'target_path': 'None', 'warn_error_options': 'WarnErrorOptionsV2(error=[], warn=[], silence=[])', 'printer_width': '80', 'write_json': 'True', 'introspect': 'True', 'log_cache_events': 'False', 'empty': 'None', 'cache_selected_only': 'False', 'log_format': 'default', 'debug': 'False', 'fail_fast': 'False', 'profiles_dir': 'C:\\Users\\Dyegho\\.dbt', 'send_anonymous_usage_stats': 'True', 'quiet': 'False', 'warn_error': 'None', 'partial_parse': 'True', 'indirect_selection': 'eager', 'invocation_command': 'dbt init', 'use_colors': 'True', 'use_experimental_parser': 'False', 'log_path': 'logs'}
[0m16:38:16.378870 [debug] [MainThread]: Starter project path: C:\Users\Dyegho\AppData\Local\Programs\Python\Python312\Lib\site-packages\dbt\include\starter_project
[0m16:38:16.421867 [info ] [MainThread]: 
Your new dbt project "airbnb_analytics" was created!

For more information on how to configure the profiles.yml file,
please consult the dbt documentation here:

  https://docs.getdbt.com/docs/configure-your-profile

One more thing:

Need help? Don't hesitate to reach out to us via GitHub issues or on Slack:

  https://community.getdbt.com/

Happy modeling!

[0m16:38:16.422870 [info ] [MainThread]: Setting up your profile.
[0m16:38:28.010313 [debug] [MainThread]: Spark adapter: Setting pyhive.hive logging to ERROR
[0m16:38:28.011350 [debug] [MainThread]: Spark adapter: Setting thrift.transport logging to ERROR
[0m16:38:28.011350 [debug] [MainThread]: Spark adapter: Setting thrift.protocol logging to ERROR
[0m16:53:30.144335 [info ] [MainThread]: Profile airbnb_analytics written to C:\Users\Dyegho\.dbt\profiles.yml using target's profile_template.yml and your supplied values. Run 'dbt debug' to validate the connection.
[0m16:53:30.146337 [debug] [MainThread]: Command `dbt init` succeeded at 16:53:30.146337 after 960.16 seconds
[0m16:53:30.146337 [debug] [MainThread]: Sending event: {'category': 'dbt', 'action': 'invocation', 'label': 'end', 'context': [<snowplow_tracker.self_describing_json.SelfDescribingJson object at 0x000001CC821C3890>, <snowplow_tracker.self_describing_json.SelfDescribingJson object at 0x000001CC826E1430>, <snowplow_tracker.self_describing_json.SelfDescribingJson object at 0x000001CCA491D8E0>]}
[0m16:53:30.147339 [debug] [MainThread]: An error was encountered while trying to send an event
[0m16:53:30.147339 [debug] [MainThread]: Flushing usage events
[0m08:49:34.680431 [debug] [MainThread]: Sending event: {'category': 'dbt', 'action': 'invocation', 'label': 'start', 'context': [<snowplow_tracker.self_describing_json.SelfDescribingJson object at 0x0000025EC7849880>, <snowplow_tracker.self_describing_json.SelfDescribingJson object at 0x0000025EC77E9D90>, <snowplow_tracker.self_describing_json.SelfDescribingJson object at 0x0000025EC784A0F0>]}


============================== 08:49:34.685428 | 49823322-b1e9-40ec-bda5-e04f14de6c93 ==============================
[0m08:49:34.685428 [info ] [MainThread]: Running with dbt=1.8.7
[0m08:49:34.686431 [debug] [MainThread]: running dbt with arguments {'printer_width': '80', 'indirect_selection': 'eager', 'write_json': 'True', 'log_cache_events': 'False', 'partial_parse': 'True', 'cache_selected_only': 'False', 'profiles_dir': 'C:\\Users\\Dyegho\\.dbt', 'debug': 'False', 'version_check': 'True', 'log_path': 'logs', 'fail_fast': 'False', 'warn_error': 'None', 'use_colors': 'True', 'use_experimental_parser': 'False', 'no_print': 'None', 'quiet': 'False', 'empty': 'None', 'warn_error_options': 'WarnErrorOptions(include=[], exclude=[])', 'introspect': 'True', 'static_parser': 'True', 'invocation_command': 'dbt debug', 'target_path': 'None', 'log_format': 'default', 'send_anonymous_usage_stats': 'True'}
[0m08:49:34.705694 [info ] [MainThread]: dbt version: 1.8.7
[0m08:49:34.706918 [info ] [MainThread]: python version: 3.12.10
[0m08:49:34.707491 [info ] [MainThread]: python path: C:\Users\Dyegho\AppData\Local\Programs\Python\Python312\python.exe
[0m08:49:34.708063 [info ] [MainThread]: os info: Windows-11-10.0.26200-SP0
[0m08:49:34.709780 [info ] [MainThread]: target not specified in profile 'airbnb_analytics', using 'default'
[0m08:49:34.710316 [info ] [MainThread]: Using profiles dir at C:\Users\Dyegho\.dbt
[0m08:49:34.710871 [info ] [MainThread]: Using profiles.yml file at C:\Users\Dyegho\.dbt\profiles.yml
[0m08:49:34.711405 [info ] [MainThread]: Using airbnb_analytics.yml file at D:\material_aulas\airbnb-analytics-engineering\airbnb_analytics.yml
[0m08:49:34.711934 [info ] [MainThread]: Configuration:
[0m08:49:34.711934 [info ] [MainThread]:   profiles.yml file [[31mERROR invalid[0m]
[0m08:49:34.712472 [info ] [MainThread]:   airbnb_analytics.yml file [[31mERROR not found[0m]
[0m08:49:34.713003 [info ] [MainThread]: Required dependencies:
[0m08:49:34.713537 [debug] [MainThread]: Executing "git --help"
[0m08:49:34.749549 [debug] [MainThread]: STDOUT: "b"usage: git [-v | --version] [-h | --help] [-C <path>] [-c <name>=<value>]\n           [--exec-path[=<path>]] [--html-path] [--man-path] [--info-path]\n           [-p | --paginate | -P | --no-pager] [--no-replace-objects] [--no-lazy-fetch]\n           [--no-optional-locks] [--no-advice] [--bare] [--git-dir=<path>]\n           [--work-tree=<path>] [--namespace=<name>] [--config-env=<name>=<envvar>]\n           <command> [<args>]\n\nThese are common Git commands used in various situations:\n\nstart a working area (see also: git help tutorial)\n   clone      Clone a repository into a new directory\n   init       Create an empty Git repository or reinitialize an existing one\n\nwork on the current change (see also: git help everyday)\n   add        Add file contents to the index\n   mv         Move or rename a file, a directory, or a symlink\n   restore    Restore working tree files\n   rm         Remove files from the working tree and from the index\n\nexamine the history and state (see also: git help revisions)\n   bisect     Use binary search to find the commit that introduced a bug\n   diff       Show changes between commits, commit and working tree, etc\n   grep       Print lines matching a pattern\n   log        Show commit logs\n   show       Show various types of objects\n   status     Show the working tree status\n\ngrow, mark and tweak your common history\n   backfill   Download missing objects in a partial clone\n   branch     List, create, or delete branches\n   commit     Record changes to the repository\n   merge      Join two or more development histories together\n   rebase     Reapply commits on top of another base tip\n   reset      Reset current HEAD to the specified state\n   switch     Switch branches\n   tag        Create, list, delete or verify a tag object signed with GPG\n\ncollaborate (see also: git help workflows)\n   fetch      Download objects and refs from another repository\n   pull       Fetch from and integrate with another repository or a local branch\n   push       Update remote refs along with associated objects\n\n'git help -a' and 'git help -g' list available subcommands and some\nconcept guides. See 'git help <command>' or 'git help <concept>'\nto read about a specific subcommand or concept.\nSee 'git help git' for an overview of the system.\n""
[0m08:49:34.749549 [debug] [MainThread]: STDERR: "b''"
[0m08:49:34.751054 [info ] [MainThread]:  - git [[32mOK found[0m]

[0m08:49:34.752064 [info ] [MainThread]: Connection test skipped since no profile was found
[0m08:49:34.752064 [info ] [MainThread]: [31m2 checks failed:[0m
[0m08:49:34.753062 [info ] [MainThread]: Could not load airbnb_analytics.yml
Profile loading failed for the following reason:
Runtime Error
  The profile 'airbnb_analytics' does not have a target named 'default'. The valid target names for this profile are:
   - dev


[0m08:49:34.754061 [info ] [MainThread]: Project loading failed for the following reason:
 project path <D:\material_aulas\airbnb-analytics-engineering\airbnb_analytics.yml> not found

[0m08:49:34.756063 [debug] [MainThread]: Command `dbt debug` failed at 08:49:34.756063 after 0.24 seconds
[0m08:49:34.756063 [debug] [MainThread]: Sending event: {'category': 'dbt', 'action': 'invocation', 'label': 'end', 'context': [<snowplow_tracker.self_describing_json.SelfDescribingJson object at 0x0000025EC7556AB0>, <snowplow_tracker.self_describing_json.SelfDescribingJson object at 0x0000025EC7A20980>, <snowplow_tracker.self_describing_json.SelfDescribingJson object at 0x0000025EC7706DB0>]}
[0m08:49:34.757075 [debug] [MainThread]: Flushing usage events
[0m08:49:44.828863 [debug] [MainThread]: Error sending anonymous usage statistics. Disabling tracking for this execution. If you wish to permanently disable tracking, see: https://docs.getdbt.com/reference/global-configs#send-anonymous-usage-stats.
[0m08:50:00.696179 [debug] [MainThread]: Sending event: {'category': 'dbt', 'action': 'invocation', 'label': 'start', 'context': [<snowplow_tracker.self_describing_json.SelfDescribingJson object at 0x00000164F38836B0>, <snowplow_tracker.self_describing_json.SelfDescribingJson object at 0x00000164F3881AC0>, <snowplow_tracker.self_describing_json.SelfDescribingJson object at 0x00000164F3882D20>]}


============================== 08:50:00.702177 | 3de50e76-74d9-404a-ad8b-8911b5d91e13 ==============================
[0m08:50:00.702177 [info ] [MainThread]: Running with dbt=1.8.7
[0m08:50:00.703176 [debug] [MainThread]: running dbt with arguments {'printer_width': '80', 'indirect_selection': 'eager', 'write_json': 'True', 'log_cache_events': 'False', 'partial_parse': 'True', 'cache_selected_only': 'False', 'warn_error': 'None', 'debug': 'False', 'version_check': 'True', 'log_path': 'logs', 'fail_fast': 'False', 'profiles_dir': 'C:\\Users\\Dyegho\\.dbt', 'use_colors': 'True', 'use_experimental_parser': 'False', 'no_print': 'None', 'quiet': 'False', 'empty': 'None', 'warn_error_options': 'WarnErrorOptions(include=[], exclude=[])', 'introspect': 'True', 'log_format': 'default', 'invocation_command': 'dbt debug', 'target_path': 'None', 'static_parser': 'True', 'send_anonymous_usage_stats': 'True'}
[0m08:50:00.723180 [info ] [MainThread]: dbt version: 1.8.7
[0m08:50:00.723180 [info ] [MainThread]: python version: 3.12.10
[0m08:50:00.724176 [info ] [MainThread]: python path: C:\Users\Dyegho\AppData\Local\Programs\Python\Python312\python.exe
[0m08:50:00.725175 [info ] [MainThread]: os info: Windows-11-10.0.26200-SP0
[0m08:50:00.726174 [info ] [MainThread]: target not specified in profile 'airbnb_analytics', using 'default'
[0m08:50:00.728177 [info ] [MainThread]: Using profiles dir at C:\Users\Dyegho\.dbt
[0m08:50:00.728177 [info ] [MainThread]: Using profiles.yml file at C:\Users\Dyegho\.dbt\profiles.yml
[0m08:50:00.729176 [info ] [MainThread]: Using airbnb_analytics.yml file at D:\material_aulas\airbnb-analytics-engineering\airbnb_analytics.yml
[0m08:50:00.729176 [info ] [MainThread]: Configuration:
[0m08:50:00.730178 [info ] [MainThread]:   profiles.yml file [[31mERROR invalid[0m]
[0m08:50:00.731179 [info ] [MainThread]:   airbnb_analytics.yml file [[31mERROR not found[0m]
[0m08:50:00.731179 [info ] [MainThread]: Required dependencies:
[0m08:50:00.732178 [debug] [MainThread]: Executing "git --help"
[0m08:50:00.779190 [debug] [MainThread]: STDOUT: "b"usage: git [-v | --version] [-h | --help] [-C <path>] [-c <name>=<value>]\n           [--exec-path[=<path>]] [--html-path] [--man-path] [--info-path]\n           [-p | --paginate | -P | --no-pager] [--no-replace-objects] [--no-lazy-fetch]\n           [--no-optional-locks] [--no-advice] [--bare] [--git-dir=<path>]\n           [--work-tree=<path>] [--namespace=<name>] [--config-env=<name>=<envvar>]\n           <command> [<args>]\n\nThese are common Git commands used in various situations:\n\nstart a working area (see also: git help tutorial)\n   clone      Clone a repository into a new directory\n   init       Create an empty Git repository or reinitialize an existing one\n\nwork on the current change (see also: git help everyday)\n   add        Add file contents to the index\n   mv         Move or rename a file, a directory, or a symlink\n   restore    Restore working tree files\n   rm         Remove files from the working tree and from the index\n\nexamine the history and state (see also: git help revisions)\n   bisect     Use binary search to find the commit that introduced a bug\n   diff       Show changes between commits, commit and working tree, etc\n   grep       Print lines matching a pattern\n   log        Show commit logs\n   show       Show various types of objects\n   status     Show the working tree status\n\ngrow, mark and tweak your common history\n   backfill   Download missing objects in a partial clone\n   branch     List, create, or delete branches\n   commit     Record changes to the repository\n   merge      Join two or more development histories together\n   rebase     Reapply commits on top of another base tip\n   reset      Reset current HEAD to the specified state\n   switch     Switch branches\n   tag        Create, list, delete or verify a tag object signed with GPG\n\ncollaborate (see also: git help workflows)\n   fetch      Download objects and refs from another repository\n   pull       Fetch from and integrate with another repository or a local branch\n   push       Update remote refs along with associated objects\n\n'git help -a' and 'git help -g' list available subcommands and some\nconcept guides. See 'git help <command>' or 'git help <concept>'\nto read about a specific subcommand or concept.\nSee 'git help git' for an overview of the system.\n""
[0m08:50:00.779190 [debug] [MainThread]: STDERR: "b''"
[0m08:50:00.780186 [info ] [MainThread]:  - git [[32mOK found[0m]

[0m08:50:00.781185 [info ] [MainThread]: Connection test skipped since no profile was found
[0m08:50:00.781185 [info ] [MainThread]: [31m2 checks failed:[0m
[0m08:50:00.782187 [info ] [MainThread]: Could not load airbnb_analytics.yml
Profile loading failed for the following reason:
Runtime Error
  The profile 'airbnb_analytics' does not have a target named 'default'. The valid target names for this profile are:
   - dev


[0m08:50:00.782187 [info ] [MainThread]: Project loading failed for the following reason:
 project path <D:\material_aulas\airbnb-analytics-engineering\airbnb_analytics.yml> not found

[0m08:50:00.783185 [debug] [MainThread]: Command `dbt debug` failed at 08:50:00.783185 after 0.30 seconds
[0m08:50:00.784185 [debug] [MainThread]: Sending event: {'category': 'dbt', 'action': 'invocation', 'label': 'end', 'context': [<snowplow_tracker.self_describing_json.SelfDescribingJson object at 0x00000164F3CBE8D0>, <snowplow_tracker.self_describing_json.SelfDescribingJson object at 0x00000164F3D67AD0>, <snowplow_tracker.self_describing_json.SelfDescribingJson object at 0x00000164F3D509E0>]}
[0m08:50:00.784185 [debug] [MainThread]: Flushing usage events
[0m08:55:15.883686 [debug] [MainThread]: Sending event: {'category': 'dbt', 'action': 'invocation', 'label': 'start', 'context': [<snowplow_tracker.self_describing_json.SelfDescribingJson object at 0x00000223AF483AA0>, <snowplow_tracker.self_describing_json.SelfDescribingJson object at 0x00000223AFC165D0>, <snowplow_tracker.self_describing_json.SelfDescribingJson object at 0x00000223AFC16690>]}


============================== 08:55:15.888217 | e8ceb679-6fb5-4dcb-8d69-1f14922fba8f ==============================
[0m08:55:15.888217 [info ] [MainThread]: Running with dbt=1.8.7
[0m08:55:15.888217 [debug] [MainThread]: running dbt with arguments {'printer_width': '80', 'indirect_selection': 'eager', 'log_cache_events': 'False', 'write_json': 'True', 'partial_parse': 'True', 'cache_selected_only': 'False', 'profiles_dir': 'C:\\Users\\Dyegho\\.dbt', 'debug': 'False', 'version_check': 'True', 'log_path': 'logs', 'fail_fast': 'False', 'warn_error': 'None', 'use_colors': 'True', 'use_experimental_parser': 'False', 'no_print': 'None', 'quiet': 'False', 'empty': 'None', 'log_format': 'default', 'static_parser': 'True', 'invocation_command': 'dbt debug', 'introspect': 'True', 'target_path': 'None', 'warn_error_options': 'WarnErrorOptions(include=[], exclude=[])', 'send_anonymous_usage_stats': 'True'}
[0m08:55:15.902460 [info ] [MainThread]: dbt version: 1.8.7
[0m08:55:15.903460 [info ] [MainThread]: python version: 3.12.10
[0m08:55:15.904537 [info ] [MainThread]: python path: C:\Users\Dyegho\AppData\Local\Programs\Python\Python312\python.exe
[0m08:55:15.905546 [info ] [MainThread]: os info: Windows-11-10.0.26200-SP0
[0m08:55:15.906577 [info ] [MainThread]: target not specified in profile 'airbnb_analytics', using 'default'
[0m08:55:15.907883 [info ] [MainThread]: Using profiles dir at C:\Users\Dyegho\.dbt
[0m08:55:15.908883 [info ] [MainThread]: Using profiles.yml file at C:\Users\Dyegho\.dbt\profiles.yml
[0m08:55:15.908883 [info ] [MainThread]: Using airbnb_analytics.yml file at D:\material_aulas\airbnb-analytics-engineering\airbnb_analytics.yml
[0m08:55:15.909883 [info ] [MainThread]: Configuration:
[0m08:55:15.909883 [info ] [MainThread]:   profiles.yml file [[31mERROR invalid[0m]
[0m08:55:15.910883 [info ] [MainThread]:   airbnb_analytics.yml file [[31mERROR not found[0m]
[0m08:55:15.911883 [info ] [MainThread]: Required dependencies:
[0m08:55:15.911883 [debug] [MainThread]: Executing "git --help"
[0m08:55:15.939883 [debug] [MainThread]: STDOUT: "b"usage: git [-v | --version] [-h | --help] [-C <path>] [-c <name>=<value>]\n           [--exec-path[=<path>]] [--html-path] [--man-path] [--info-path]\n           [-p | --paginate | -P | --no-pager] [--no-replace-objects] [--no-lazy-fetch]\n           [--no-optional-locks] [--no-advice] [--bare] [--git-dir=<path>]\n           [--work-tree=<path>] [--namespace=<name>] [--config-env=<name>=<envvar>]\n           <command> [<args>]\n\nThese are common Git commands used in various situations:\n\nstart a working area (see also: git help tutorial)\n   clone      Clone a repository into a new directory\n   init       Create an empty Git repository or reinitialize an existing one\n\nwork on the current change (see also: git help everyday)\n   add        Add file contents to the index\n   mv         Move or rename a file, a directory, or a symlink\n   restore    Restore working tree files\n   rm         Remove files from the working tree and from the index\n\nexamine the history and state (see also: git help revisions)\n   bisect     Use binary search to find the commit that introduced a bug\n   diff       Show changes between commits, commit and working tree, etc\n   grep       Print lines matching a pattern\n   log        Show commit logs\n   show       Show various types of objects\n   status     Show the working tree status\n\ngrow, mark and tweak your common history\n   backfill   Download missing objects in a partial clone\n   branch     List, create, or delete branches\n   commit     Record changes to the repository\n   merge      Join two or more development histories together\n   rebase     Reapply commits on top of another base tip\n   reset      Reset current HEAD to the specified state\n   switch     Switch branches\n   tag        Create, list, delete or verify a tag object signed with GPG\n\ncollaborate (see also: git help workflows)\n   fetch      Download objects and refs from another repository\n   pull       Fetch from and integrate with another repository or a local branch\n   push       Update remote refs along with associated objects\n\n'git help -a' and 'git help -g' list available subcommands and some\nconcept guides. See 'git help <command>' or 'git help <concept>'\nto read about a specific subcommand or concept.\nSee 'git help git' for an overview of the system.\n""
[0m08:55:15.939883 [debug] [MainThread]: STDERR: "b''"
[0m08:55:15.940882 [info ] [MainThread]:  - git [[32mOK found[0m]

[0m08:55:15.941881 [info ] [MainThread]: Connection test skipped since no profile was found
[0m08:55:15.941881 [info ] [MainThread]: [31m2 checks failed:[0m
[0m08:55:15.942882 [info ] [MainThread]: Could not load airbnb_analytics.yml
Profile loading failed for the following reason:
Runtime Error
  The profile 'airbnb_analytics' does not have a target named 'default'. The valid target names for this profile are:
   - dev


[0m08:55:15.942882 [info ] [MainThread]: Project loading failed for the following reason:
 project path <D:\material_aulas\airbnb-analytics-engineering\airbnb_analytics.yml> not found

[0m08:55:15.944886 [debug] [MainThread]: Command `dbt debug` failed at 08:55:15.943883 after 0.19 seconds
[0m08:55:15.944886 [debug] [MainThread]: Sending event: {'category': 'dbt', 'action': 'invocation', 'label': 'end', 'context': [<snowplow_tracker.self_describing_json.SelfDescribingJson object at 0x00000223AF41BC50>, <snowplow_tracker.self_describing_json.SelfDescribingJson object at 0x00000223AFC85DF0>, <snowplow_tracker.self_describing_json.SelfDescribingJson object at 0x00000223A9E1FA70>]}
[0m08:55:15.945883 [debug] [MainThread]: Flushing usage events
[0m08:57:23.031880 [debug] [MainThread]: Sending event: {'category': 'dbt', 'action': 'invocation', 'label': 'start', 'context': [<snowplow_tracker.self_describing_json.SelfDescribingJson object at 0x000002237B8EA1B0>, <snowplow_tracker.self_describing_json.SelfDescribingJson object at 0x000002237B8EA1E0>, <snowplow_tracker.self_describing_json.SelfDescribingJson object at 0x0000022375C1FA70>]}


============================== 08:57:23.036880 | 40a156ca-e282-4861-b179-788e0ac4856c ==============================
[0m08:57:23.036880 [info ] [MainThread]: Running with dbt=1.8.7
[0m08:57:23.036880 [debug] [MainThread]: running dbt with arguments {'printer_width': '80', 'indirect_selection': 'eager', 'write_json': 'True', 'log_cache_events': 'False', 'partial_parse': 'True', 'cache_selected_only': 'False', 'warn_error': 'None', 'fail_fast': 'False', 'profiles_dir': 'C:\\Users\\Dyegho\\.dbt', 'log_path': 'logs', 'version_check': 'True', 'debug': 'False', 'use_colors': 'True', 'use_experimental_parser': 'False', 'empty': 'None', 'quiet': 'False', 'no_print': 'None', 'warn_error_options': 'WarnErrorOptions(include=[], exclude=[])', 'introspect': 'True', 'invocation_command': 'dbt debug', 'static_parser': 'True', 'target_path': 'None', 'log_format': 'default', 'send_anonymous_usage_stats': 'True'}
[0m08:57:23.051867 [info ] [MainThread]: dbt version: 1.8.7
[0m08:57:23.052880 [info ] [MainThread]: python version: 3.12.10
[0m08:57:23.053869 [info ] [MainThread]: python path: C:\Users\Dyegho\AppData\Local\Programs\Python\Python312\python.exe
[0m08:57:23.054867 [info ] [MainThread]: os info: Windows-11-10.0.26200-SP0
[0m08:57:23.055867 [info ] [MainThread]: target not specified in profile 'airbnb_analytics', using 'default'
[0m08:57:23.057866 [info ] [MainThread]: Using profiles dir at C:\Users\Dyegho\.dbt
[0m08:57:23.057866 [info ] [MainThread]: Using profiles.yml file at C:\Users\Dyegho\.dbt\profiles.yml
[0m08:57:23.058866 [info ] [MainThread]: Using airbnb_analytics.yml file at D:\material_aulas\airbnb-analytics-engineering\airbnb_analytics.yml
[0m08:57:23.059867 [info ] [MainThread]: Configuration:
[0m08:57:23.060872 [info ] [MainThread]:   profiles.yml file [[31mERROR invalid[0m]
[0m08:57:23.060872 [info ] [MainThread]:   airbnb_analytics.yml file [[31mERROR not found[0m]
[0m08:57:23.061866 [info ] [MainThread]: Required dependencies:
[0m08:57:23.061866 [debug] [MainThread]: Executing "git --help"
[0m08:57:23.096870 [debug] [MainThread]: STDOUT: "b"usage: git [-v | --version] [-h | --help] [-C <path>] [-c <name>=<value>]\n           [--exec-path[=<path>]] [--html-path] [--man-path] [--info-path]\n           [-p | --paginate | -P | --no-pager] [--no-replace-objects] [--no-lazy-fetch]\n           [--no-optional-locks] [--no-advice] [--bare] [--git-dir=<path>]\n           [--work-tree=<path>] [--namespace=<name>] [--config-env=<name>=<envvar>]\n           <command> [<args>]\n\nThese are common Git commands used in various situations:\n\nstart a working area (see also: git help tutorial)\n   clone      Clone a repository into a new directory\n   init       Create an empty Git repository or reinitialize an existing one\n\nwork on the current change (see also: git help everyday)\n   add        Add file contents to the index\n   mv         Move or rename a file, a directory, or a symlink\n   restore    Restore working tree files\n   rm         Remove files from the working tree and from the index\n\nexamine the history and state (see also: git help revisions)\n   bisect     Use binary search to find the commit that introduced a bug\n   diff       Show changes between commits, commit and working tree, etc\n   grep       Print lines matching a pattern\n   log        Show commit logs\n   show       Show various types of objects\n   status     Show the working tree status\n\ngrow, mark and tweak your common history\n   backfill   Download missing objects in a partial clone\n   branch     List, create, or delete branches\n   commit     Record changes to the repository\n   merge      Join two or more development histories together\n   rebase     Reapply commits on top of another base tip\n   reset      Reset current HEAD to the specified state\n   switch     Switch branches\n   tag        Create, list, delete or verify a tag object signed with GPG\n\ncollaborate (see also: git help workflows)\n   fetch      Download objects and refs from another repository\n   pull       Fetch from and integrate with another repository or a local branch\n   push       Update remote refs along with associated objects\n\n'git help -a' and 'git help -g' list available subcommands and some\nconcept guides. See 'git help <command>' or 'git help <concept>'\nto read about a specific subcommand or concept.\nSee 'git help git' for an overview of the system.\n""
[0m08:57:23.097873 [debug] [MainThread]: STDERR: "b''"
[0m08:57:23.097873 [info ] [MainThread]:  - git [[32mOK found[0m]

[0m08:57:23.098874 [info ] [MainThread]: Connection test skipped since no profile was found
[0m08:57:23.098874 [info ] [MainThread]: [31m2 checks failed:[0m
[0m08:57:23.099872 [info ] [MainThread]: Could not load airbnb_analytics.yml
Profile loading failed for the following reason:
Runtime Error
  The profile 'airbnb_analytics' does not have a target named 'default'. The valid target names for this profile are:
   - dev


[0m08:57:23.100895 [info ] [MainThread]: Project loading failed for the following reason:
 project path <D:\material_aulas\airbnb-analytics-engineering\airbnb_analytics.yml> not found

[0m08:57:23.101871 [debug] [MainThread]: Command `dbt debug` failed at 08:57:23.101871 after 0.20 seconds
[0m08:57:23.102887 [debug] [MainThread]: Sending event: {'category': 'dbt', 'action': 'invocation', 'label': 'end', 'context': [<snowplow_tracker.self_describing_json.SelfDescribingJson object at 0x000002237B8EBBF0>, <snowplow_tracker.self_describing_json.SelfDescribingJson object at 0x000002237B8EA1B0>, <snowplow_tracker.self_describing_json.SelfDescribingJson object at 0x000002237B6F40B0>]}
[0m08:57:23.102887 [debug] [MainThread]: Flushing usage events
[0m08:57:39.346792 [debug] [MainThread]: Sending event: {'category': 'dbt', 'action': 'invocation', 'label': 'start', 'context': [<snowplow_tracker.self_describing_json.SelfDescribingJson object at 0x000002087BA5B170>, <snowplow_tracker.self_describing_json.SelfDescribingJson object at 0x000002087C10B230>, <snowplow_tracker.self_describing_json.SelfDescribingJson object at 0x000002087DB96630>]}


============================== 08:57:39.352791 | 9500b0c4-56fd-4b6e-b44e-0a749098b3a2 ==============================
[0m08:57:39.352791 [info ] [MainThread]: Running with dbt=1.8.7
[0m08:57:39.353375 [debug] [MainThread]: running dbt with arguments {'printer_width': '80', 'indirect_selection': 'eager', 'log_cache_events': 'False', 'write_json': 'True', 'partial_parse': 'True', 'cache_selected_only': 'False', 'warn_error': 'None', 'debug': 'False', 'version_check': 'True', 'log_path': 'logs', 'fail_fast': 'False', 'profiles_dir': 'C:\\Users\\Dyegho\\.dbt', 'use_colors': 'True', 'use_experimental_parser': 'False', 'empty': 'None', 'quiet': 'False', 'no_print': 'None', 'log_format': 'default', 'invocation_command': 'dbt debug', 'static_parser': 'True', 'warn_error_options': 'WarnErrorOptions(include=[], exclude=[])', 'target_path': 'None', 'introspect': 'True', 'send_anonymous_usage_stats': 'True'}
[0m08:57:39.369442 [info ] [MainThread]: dbt version: 1.8.7
[0m08:57:39.370444 [info ] [MainThread]: python version: 3.12.10
[0m08:57:39.370444 [info ] [MainThread]: python path: C:\Users\Dyegho\AppData\Local\Programs\Python\Python312\python.exe
[0m08:57:39.371441 [info ] [MainThread]: os info: Windows-11-10.0.26200-SP0
[0m08:57:39.372441 [info ] [MainThread]: target not specified in profile 'airbnb_analytics', using 'default'
[0m08:57:39.373486 [info ] [MainThread]: Using profiles dir at C:\Users\Dyegho\.dbt
[0m08:57:39.373486 [info ] [MainThread]: Using profiles.yml file at C:\Users\Dyegho\.dbt\profiles.yml
[0m08:57:39.374494 [info ] [MainThread]: Using airbnb_analytics.yml file at D:\material_aulas\airbnb-analytics-engineering\airbnb_analytics.yml
[0m08:57:39.374494 [info ] [MainThread]: Configuration:
[0m08:57:39.375491 [info ] [MainThread]:   profiles.yml file [[31mERROR invalid[0m]
[0m08:57:39.375491 [info ] [MainThread]:   airbnb_analytics.yml file [[31mERROR not found[0m]
[0m08:57:39.376492 [info ] [MainThread]: Required dependencies:
[0m08:57:39.376492 [debug] [MainThread]: Executing "git --help"
[0m08:57:39.408492 [debug] [MainThread]: STDOUT: "b"usage: git [-v | --version] [-h | --help] [-C <path>] [-c <name>=<value>]\n           [--exec-path[=<path>]] [--html-path] [--man-path] [--info-path]\n           [-p | --paginate | -P | --no-pager] [--no-replace-objects] [--no-lazy-fetch]\n           [--no-optional-locks] [--no-advice] [--bare] [--git-dir=<path>]\n           [--work-tree=<path>] [--namespace=<name>] [--config-env=<name>=<envvar>]\n           <command> [<args>]\n\nThese are common Git commands used in various situations:\n\nstart a working area (see also: git help tutorial)\n   clone      Clone a repository into a new directory\n   init       Create an empty Git repository or reinitialize an existing one\n\nwork on the current change (see also: git help everyday)\n   add        Add file contents to the index\n   mv         Move or rename a file, a directory, or a symlink\n   restore    Restore working tree files\n   rm         Remove files from the working tree and from the index\n\nexamine the history and state (see also: git help revisions)\n   bisect     Use binary search to find the commit that introduced a bug\n   diff       Show changes between commits, commit and working tree, etc\n   grep       Print lines matching a pattern\n   log        Show commit logs\n   show       Show various types of objects\n   status     Show the working tree status\n\ngrow, mark and tweak your common history\n   backfill   Download missing objects in a partial clone\n   branch     List, create, or delete branches\n   commit     Record changes to the repository\n   merge      Join two or more development histories together\n   rebase     Reapply commits on top of another base tip\n   reset      Reset current HEAD to the specified state\n   switch     Switch branches\n   tag        Create, list, delete or verify a tag object signed with GPG\n\ncollaborate (see also: git help workflows)\n   fetch      Download objects and refs from another repository\n   pull       Fetch from and integrate with another repository or a local branch\n   push       Update remote refs along with associated objects\n\n'git help -a' and 'git help -g' list available subcommands and some\nconcept guides. See 'git help <command>' or 'git help <concept>'\nto read about a specific subcommand or concept.\nSee 'git help git' for an overview of the system.\n""
[0m08:57:39.409493 [debug] [MainThread]: STDERR: "b''"
[0m08:57:39.409493 [info ] [MainThread]:  - git [[32mOK found[0m]

[0m08:57:39.410492 [info ] [MainThread]: Connection test skipped since no profile was found
[0m08:57:39.410492 [info ] [MainThread]: [31m2 checks failed:[0m
[0m08:57:39.411493 [info ] [MainThread]: Could not load airbnb_analytics.yml
Profile loading failed for the following reason:
Runtime Error
  The profile 'airbnb_analytics' does not have a target named 'default'. The valid target names for this profile are:
   - dev


[0m08:57:39.411493 [info ] [MainThread]: Project loading failed for the following reason:
 project path <D:\material_aulas\airbnb-analytics-engineering\airbnb_analytics.yml> not found

[0m08:57:39.412494 [debug] [MainThread]: Command `dbt debug` failed at 08:57:39.412494 after 0.20 seconds
[0m08:57:39.412494 [debug] [MainThread]: Sending event: {'category': 'dbt', 'action': 'invocation', 'label': 'end', 'context': [<snowplow_tracker.self_describing_json.SelfDescribingJson object at 0x000002087878FA70>, <snowplow_tracker.self_describing_json.SelfDescribingJson object at 0x000002087E343BF0>, <snowplow_tracker.self_describing_json.SelfDescribingJson object at 0x000002087C10B230>]}
[0m08:57:39.413491 [debug] [MainThread]: Flushing usage events
[0m08:57:52.369318 [debug] [MainThread]: Sending event: {'category': 'dbt', 'action': 'invocation', 'label': 'start', 'context': [<snowplow_tracker.self_describing_json.SelfDescribingJson object at 0x000001B1CA7BE450>, <snowplow_tracker.self_describing_json.SelfDescribingJson object at 0x000001B1CA7BE3F0>, <snowplow_tracker.self_describing_json.SelfDescribingJson object at 0x000001B1CA7BE270>]}


============================== 08:57:52.373340 | 25847799-18d7-4ea3-b7c0-2c5919ce08e5 ==============================
[0m08:57:52.373340 [info ] [MainThread]: Running with dbt=1.8.7
[0m08:57:52.374320 [debug] [MainThread]: running dbt with arguments {'printer_width': '80', 'indirect_selection': 'eager', 'write_json': 'True', 'log_cache_events': 'False', 'partial_parse': 'True', 'cache_selected_only': 'False', 'warn_error': 'None', 'debug': 'False', 'fail_fast': 'False', 'log_path': 'logs', 'profiles_dir': 'C:\\Users\\Dyegho\\.dbt', 'version_check': 'True', 'use_colors': 'True', 'use_experimental_parser': 'False', 'empty': 'None', 'quiet': 'False', 'no_print': 'None', 'log_format': 'default', 'introspect': 'True', 'static_parser': 'True', 'invocation_command': 'dbt debug', 'target_path': 'None', 'warn_error_options': 'WarnErrorOptions(include=[], exclude=[])', 'send_anonymous_usage_stats': 'True'}
[0m08:57:52.391339 [info ] [MainThread]: dbt version: 1.8.7
[0m08:57:52.392320 [info ] [MainThread]: python version: 3.12.10
[0m08:57:52.393324 [info ] [MainThread]: python path: C:\Users\Dyegho\AppData\Local\Programs\Python\Python312\python.exe
[0m08:57:52.394324 [info ] [MainThread]: os info: Windows-11-10.0.26200-SP0
[0m08:57:52.396322 [info ] [MainThread]: target not specified in profile 'airbnb_analytics', using 'default'
[0m08:57:52.397324 [info ] [MainThread]: Using profiles dir at C:\Users\Dyegho\.dbt
[0m08:57:52.398324 [info ] [MainThread]: Using profiles.yml file at C:\Users\Dyegho\.dbt\profiles.yml
[0m08:57:52.399350 [info ] [MainThread]: Using airbnb_analytics.yml file at D:\material_aulas\airbnb-analytics-engineering\airbnb_analytics.yml
[0m08:57:52.400324 [info ] [MainThread]: Configuration:
[0m08:57:52.400324 [info ] [MainThread]:   profiles.yml file [[31mERROR invalid[0m]
[0m08:57:52.401319 [info ] [MainThread]:   airbnb_analytics.yml file [[31mERROR not found[0m]
[0m08:57:52.401319 [info ] [MainThread]: Required dependencies:
[0m08:57:52.402321 [debug] [MainThread]: Executing "git --help"
[0m08:57:52.440337 [debug] [MainThread]: STDOUT: "b"usage: git [-v | --version] [-h | --help] [-C <path>] [-c <name>=<value>]\n           [--exec-path[=<path>]] [--html-path] [--man-path] [--info-path]\n           [-p | --paginate | -P | --no-pager] [--no-replace-objects] [--no-lazy-fetch]\n           [--no-optional-locks] [--no-advice] [--bare] [--git-dir=<path>]\n           [--work-tree=<path>] [--namespace=<name>] [--config-env=<name>=<envvar>]\n           <command> [<args>]\n\nThese are common Git commands used in various situations:\n\nstart a working area (see also: git help tutorial)\n   clone      Clone a repository into a new directory\n   init       Create an empty Git repository or reinitialize an existing one\n\nwork on the current change (see also: git help everyday)\n   add        Add file contents to the index\n   mv         Move or rename a file, a directory, or a symlink\n   restore    Restore working tree files\n   rm         Remove files from the working tree and from the index\n\nexamine the history and state (see also: git help revisions)\n   bisect     Use binary search to find the commit that introduced a bug\n   diff       Show changes between commits, commit and working tree, etc\n   grep       Print lines matching a pattern\n   log        Show commit logs\n   show       Show various types of objects\n   status     Show the working tree status\n\ngrow, mark and tweak your common history\n   backfill   Download missing objects in a partial clone\n   branch     List, create, or delete branches\n   commit     Record changes to the repository\n   merge      Join two or more development histories together\n   rebase     Reapply commits on top of another base tip\n   reset      Reset current HEAD to the specified state\n   switch     Switch branches\n   tag        Create, list, delete or verify a tag object signed with GPG\n\ncollaborate (see also: git help workflows)\n   fetch      Download objects and refs from another repository\n   pull       Fetch from and integrate with another repository or a local branch\n   push       Update remote refs along with associated objects\n\n'git help -a' and 'git help -g' list available subcommands and some\nconcept guides. See 'git help <command>' or 'git help <concept>'\nto read about a specific subcommand or concept.\nSee 'git help git' for an overview of the system.\n""
[0m08:57:52.441336 [debug] [MainThread]: STDERR: "b''"
[0m08:57:52.441336 [info ] [MainThread]:  - git [[32mOK found[0m]

[0m08:57:52.442335 [info ] [MainThread]: Connection test skipped since no profile was found
[0m08:57:52.443321 [info ] [MainThread]: [31m2 checks failed:[0m
[0m08:57:52.443321 [info ] [MainThread]: Could not load airbnb_analytics.yml
Profile loading failed for the following reason:
Runtime Error
  The profile 'airbnb_analytics' does not have a target named 'default'. The valid target names for this profile are:
   - dev


[0m08:57:52.444342 [info ] [MainThread]: Project loading failed for the following reason:
 project path <D:\material_aulas\airbnb-analytics-engineering\airbnb_analytics.yml> not found

[0m08:57:52.445322 [debug] [MainThread]: Command `dbt debug` failed at 08:57:52.445322 after 0.21 seconds
[0m08:57:52.446343 [debug] [MainThread]: Sending event: {'category': 'dbt', 'action': 'invocation', 'label': 'end', 'context': [<snowplow_tracker.self_describing_json.SelfDescribingJson object at 0x000001B1CA51DA90>, <snowplow_tracker.self_describing_json.SelfDescribingJson object at 0x000001B1C48AFA70>, <snowplow_tracker.self_describing_json.SelfDescribingJson object at 0x000001B1CA639640>]}
[0m08:57:52.446343 [debug] [MainThread]: Flushing usage events
